2024-09-26 18:34:03,410:INFO:test_google_app:Testing has started
2024-09-26 18:34:48,806:INFO:test_google_app:Testing has started
2024-09-26 18:37:21,646:INFO:test_google_app:Testing has started
2024-09-26 18:39:17,121:INFO:test_google_app:Testing has started
2024-09-26 18:49:38,196:INFO:test_google_app:Testing has started
2024-09-26 18:49:42,084:ERROR:test_google_app:name 'driver' is not defined
2024-09-26 18:51:27,094:INFO:test_google_app:Testing has started
2024-09-27 10:55:51,849:INFO:test_google_app:Testing has started
2024-09-27 10:55:56,994:ERROR:test_google_app:Message: java.lang.IllegalArgumentException: Unable to compile '//android.widget.ImageView[@content-desc='Show predictions for type master''. See Cause.
Stacktrace:
io.appium.uiautomator2.common.exceptions.InvalidSelectorException: java.lang.IllegalArgumentException: Unable to compile '//android.widget.ImageView[@content-desc='Show predictions for type master''. See Cause.
	at io.appium.uiautomator2.core.AccessibilityNodeInfoDumper.findNodes(AccessibilityNodeInfoDumper.java:203)
	at io.appium.uiautomator2.utils.ElementLocationHelpers.getXPathNodeMatch(ElementLocationHelpers.java:86)
	at io.appium.uiautomator2.handler.FindElement.findElement(FindElement.java:100)
	at io.appium.uiautomator2.handler.FindElement.safeHandle(FindElement.java:72)
	at io.appium.uiautomator2.handler.request.SafeRequestHandler.handle(SafeRequestHandler.java:38)
	at io.appium.uiautomator2.server.AppiumServlet.handleRequest(AppiumServlet.java:252)
	at io.appium.uiautomator2.server.AppiumServlet.handleHttpRequest(AppiumServlet.java:242)
	at io.appium.uiautomator2.http.ServerHandler.channelRead(ServerHandler.java:44)
	at io.netty.channel.AbstractChannelHandlerContext.invokeChannelRead(AbstractChannelHandlerContext.java:366)
	at io.netty.channel.AbstractChannelHandlerContext.invokeChannelRead(AbstractChannelHandlerContext.java:352)
	at io.netty.channel.AbstractChannelHandlerContext.fireChannelRead(AbstractChannelHandlerContext.java:345)
	at io.netty.handler.codec.MessageToMessageDecoder.channelRead(MessageToMessageDecoder.java:102)
	at io.netty.channel.AbstractChannelHandlerContext.invokeChannelRead(AbstractChannelHandlerContext.java:366)
	at io.netty.channel.AbstractChannelHandlerContext.invokeChannelRead(AbstractChannelHandlerContext.java:352)
	at io.netty.channel.AbstractChannelHandlerContext.fireChannelRead(AbstractChannelHandlerContext.java:345)
	at io.netty.channel.CombinedChannelDuplexHandler$DelegatingChannelHandlerContext.fireChannelRead(CombinedChannelDuplexHandler.java:435)
	at io.netty.handler.codec.ByteToMessageDecoder.fireChannelRead(ByteToMessageDecoder.java:293)
	at io.netty.handler.codec.ByteToMessageDecoder.channelRead(ByteToMessageDecoder.java:267)
	at io.netty.channel.CombinedChannelDuplexHandler.channelRead(CombinedChannelDuplexHandler.java:250)
	at io.netty.channel.AbstractChannelHandlerContext.invokeChannelRead(AbstractChannelHandlerContext.java:366)
	at io.netty.channel.AbstractChannelHandlerContext.invokeChannelRead(AbstractChannelHandlerContext.java:352)
	at io.netty.channel.AbstractChannelHandlerContext.fireChannelRead(AbstractChannelHandlerContext.java:345)
	at io.netty.channel.DefaultChannelPipeline$HeadContext.channelRead(DefaultChannelPipeline.java:1294)
	at io.netty.channel.AbstractChannelHandlerContext.invokeChannelRead(AbstractChannelHandlerContext.java:366)
	at io.netty.channel.AbstractChannelHandlerContext.invokeChannelRead(AbstractChannelHandlerContext.java:352)
	at io.netty.channel.DefaultChannelPipeline.fireChannelRead(DefaultChannelPipeline.java:911)
	at io.netty.channel.nio.AbstractNioByteChannel$NioByteUnsafe.read(AbstractNioByteChannel.java:131)
	at io.netty.channel.nio.NioEventLoop.processSelectedKey(NioEventLoop.java:611)
	at io.netty.channel.nio.NioEventLoop.processSelectedKeysOptimized(NioEventLoop.java:552)
	at io.netty.channel.nio.NioEventLoop.processSelectedKeys(NioEventLoop.java:466)
	at io.netty.channel.nio.NioEventLoop.run(NioEventLoop.java:438)
	at io.netty.util.concurrent.SingleThreadEventExecutor$2.run(SingleThreadEventExecutor.java:140)
	at io.netty.util.concurrent.DefaultThreadFactory$DefaultRunnableDecorator.run(DefaultThreadFactory.java:144)
	at java.lang.Thread.run(Thread.java:1012)
Caused by: java.lang.IllegalArgumentException: Unable to compile '//android.widget.ImageView[@content-desc='Show predictions for type master''. See Cause.
	at org.jdom2.xpath.jaxen.JaxenCompiled.<init>(JaxenCompiled.java:152)
	at org.jdom2.xpath.jaxen.JaxenXPathFactory.compile(JaxenXPathFactory.java:82)
	at org.jdom2.xpath.XPathFactory.compile(XPathFactory.java:282)
	at io.appium.uiautomator2.core.AccessibilityNodeInfoDumper.findNodes(AccessibilityNodeInfoDumper.java:201)
	... 33 more
Caused by: org.jaxen.XPathSyntaxException: Expected: ]
	at org.jaxen.BaseXPath.<init>(BaseXPath.java:121)
	at org.jaxen.BaseXPath.<init>(BaseXPath.java:142)
	at org.jdom2.xpath.jaxen.JaxenCompiled.<init>(JaxenCompiled.java:150)
	... 36 more
Caused by: class org.jaxen.saxpath.XPathSyntaxException: //android.widget.ImageView[@content-desc='Show predictions for type master': 75: Expected: ]
	at org.jaxen.saxpath.base.XPathReader.createSyntaxException(XPathReader.java:1085)
	at org.jaxen.saxpath.base.XPathReader.match(XPathReader.java:1038)
	at org.jaxen.saxpath.base.XPathReader.predicate(XPathReader.java:768)
	at org.jaxen.saxpath.base.XPathReader.predicates(XPathReader.java:751)
	at org.jaxen.saxpath.base.XPathReader.nameTest(XPathReader.java:717)
	at org.jaxen.saxpath.base.XPathReader.nodeTest(XPathReader.java:592)
	at org.jaxen.saxpath.base.XPathReader.step(XPathReader.java:541)
	at org.jaxen.saxpath.base.XPathReader.steps(XPathReader.java:442)
	at org.jaxen.saxpath.base.XPathReader.absoluteLocationPath(XPathReader.java:390)
	at org.jaxen.saxpath.base.XPathReader.locationPath(XPathReader.java:326)
	at org.jaxen.saxpath.base.XPathReader.pathExpr(XPathReader.java:185)
	at org.jaxen.saxpath.base.XPathReader.unionExpr(XPathReader.java:1007)
	at org.jaxen.saxpath.base.XPathReader.unaryExpr(XPathReader.java:995)
	at org.jaxen.saxpath.base.XPathReader.multiplicativeExpr(XPathReader.java:943)
	at org.jaxen.saxpath.base.XPathReader.additiveExpr(XPathReader.java:913)
	at org.jaxen.saxpath.base.XPathReader.relationalExpr(XPathReader.java:860)
	at org.jaxen.saxpath.base.XPathReader.equalityExpr(XPathReader.java:829)
	at org.jaxen.saxpath.base.XPathReader.andExpr(XPathReader.java:809)
	at org.jaxen.saxpath.base.XPathReader.orExpr(XPathReader.java:787)
	at org.jaxen.saxpath.base.XPathReader.expr(XPathReader.java:780)
	at org.jaxen.saxpath.base.XPathReader.parse(XPathReader.java:100)
	at org.jaxen.BaseXPath.<init>(BaseXPath.java:116)
	... 38 more

2024-09-27 10:56:59,366:INFO:test_google_app:Testing has started
2024-09-27 10:57:04,701:ERROR:test_google_app:Message: java.lang.IllegalArgumentException: Unable to compile '//android.widget.ImageView[@content-desc='Show predictions for type master''. See Cause.
Stacktrace:
io.appium.uiautomator2.common.exceptions.InvalidSelectorException: java.lang.IllegalArgumentException: Unable to compile '//android.widget.ImageView[@content-desc='Show predictions for type master''. See Cause.
	at io.appium.uiautomator2.core.AccessibilityNodeInfoDumper.findNodes(AccessibilityNodeInfoDumper.java:203)
	at io.appium.uiautomator2.utils.ElementLocationHelpers.getXPathNodeMatch(ElementLocationHelpers.java:86)
	at io.appium.uiautomator2.handler.FindElement.findElement(FindElement.java:100)
	at io.appium.uiautomator2.handler.FindElement.safeHandle(FindElement.java:72)
	at io.appium.uiautomator2.handler.request.SafeRequestHandler.handle(SafeRequestHandler.java:38)
	at io.appium.uiautomator2.server.AppiumServlet.handleRequest(AppiumServlet.java:252)
	at io.appium.uiautomator2.server.AppiumServlet.handleHttpRequest(AppiumServlet.java:242)
	at io.appium.uiautomator2.http.ServerHandler.channelRead(ServerHandler.java:44)
	at io.netty.channel.AbstractChannelHandlerContext.invokeChannelRead(AbstractChannelHandlerContext.java:366)
	at io.netty.channel.AbstractChannelHandlerContext.invokeChannelRead(AbstractChannelHandlerContext.java:352)
	at io.netty.channel.AbstractChannelHandlerContext.fireChannelRead(AbstractChannelHandlerContext.java:345)
	at io.netty.handler.codec.MessageToMessageDecoder.channelRead(MessageToMessageDecoder.java:102)
	at io.netty.channel.AbstractChannelHandlerContext.invokeChannelRead(AbstractChannelHandlerContext.java:366)
	at io.netty.channel.AbstractChannelHandlerContext.invokeChannelRead(AbstractChannelHandlerContext.java:352)
	at io.netty.channel.AbstractChannelHandlerContext.fireChannelRead(AbstractChannelHandlerContext.java:345)
	at io.netty.channel.CombinedChannelDuplexHandler$DelegatingChannelHandlerContext.fireChannelRead(CombinedChannelDuplexHandler.java:435)
	at io.netty.handler.codec.ByteToMessageDecoder.fireChannelRead(ByteToMessageDecoder.java:293)
	at io.netty.handler.codec.ByteToMessageDecoder.channelRead(ByteToMessageDecoder.java:267)
	at io.netty.channel.CombinedChannelDuplexHandler.channelRead(CombinedChannelDuplexHandler.java:250)
	at io.netty.channel.AbstractChannelHandlerContext.invokeChannelRead(AbstractChannelHandlerContext.java:366)
	at io.netty.channel.AbstractChannelHandlerContext.invokeChannelRead(AbstractChannelHandlerContext.java:352)
	at io.netty.channel.AbstractChannelHandlerContext.fireChannelRead(AbstractChannelHandlerContext.java:345)
	at io.netty.channel.DefaultChannelPipeline$HeadContext.channelRead(DefaultChannelPipeline.java:1294)
	at io.netty.channel.AbstractChannelHandlerContext.invokeChannelRead(AbstractChannelHandlerContext.java:366)
	at io.netty.channel.AbstractChannelHandlerContext.invokeChannelRead(AbstractChannelHandlerContext.java:352)
	at io.netty.channel.DefaultChannelPipeline.fireChannelRead(DefaultChannelPipeline.java:911)
	at io.netty.channel.nio.AbstractNioByteChannel$NioByteUnsafe.read(AbstractNioByteChannel.java:131)
	at io.netty.channel.nio.NioEventLoop.processSelectedKey(NioEventLoop.java:611)
	at io.netty.channel.nio.NioEventLoop.processSelectedKeysOptimized(NioEventLoop.java:552)
	at io.netty.channel.nio.NioEventLoop.processSelectedKeys(NioEventLoop.java:466)
	at io.netty.channel.nio.NioEventLoop.run(NioEventLoop.java:438)
	at io.netty.util.concurrent.SingleThreadEventExecutor$2.run(SingleThreadEventExecutor.java:140)
	at io.netty.util.concurrent.DefaultThreadFactory$DefaultRunnableDecorator.run(DefaultThreadFactory.java:144)
	at java.lang.Thread.run(Thread.java:1012)
Caused by: java.lang.IllegalArgumentException: Unable to compile '//android.widget.ImageView[@content-desc='Show predictions for type master''. See Cause.
	at org.jdom2.xpath.jaxen.JaxenCompiled.<init>(JaxenCompiled.java:152)
	at org.jdom2.xpath.jaxen.JaxenXPathFactory.compile(JaxenXPathFactory.java:82)
	at org.jdom2.xpath.XPathFactory.compile(XPathFactory.java:282)
	at io.appium.uiautomator2.core.AccessibilityNodeInfoDumper.findNodes(AccessibilityNodeInfoDumper.java:201)
	... 33 more
Caused by: org.jaxen.XPathSyntaxException: Expected: ]
	at org.jaxen.BaseXPath.<init>(BaseXPath.java:121)
	at org.jaxen.BaseXPath.<init>(BaseXPath.java:142)
	at org.jdom2.xpath.jaxen.JaxenCompiled.<init>(JaxenCompiled.java:150)
	... 36 more
Caused by: class org.jaxen.saxpath.XPathSyntaxException: //android.widget.ImageView[@content-desc='Show predictions for type master': 75: Expected: ]
	at org.jaxen.saxpath.base.XPathReader.createSyntaxException(XPathReader.java:1085)
	at org.jaxen.saxpath.base.XPathReader.match(XPathReader.java:1038)
	at org.jaxen.saxpath.base.XPathReader.predicate(XPathReader.java:768)
	at org.jaxen.saxpath.base.XPathReader.predicates(XPathReader.java:751)
	at org.jaxen.saxpath.base.XPathReader.nameTest(XPathReader.java:717)
	at org.jaxen.saxpath.base.XPathReader.nodeTest(XPathReader.java:592)
	at org.jaxen.saxpath.base.XPathReader.step(XPathReader.java:541)
	at org.jaxen.saxpath.base.XPathReader.steps(XPathReader.java:442)
	at org.jaxen.saxpath.base.XPathReader.absoluteLocationPath(XPathReader.java:390)
	at org.jaxen.saxpath.base.XPathReader.locationPath(XPathReader.java:326)
	at org.jaxen.saxpath.base.XPathReader.pathExpr(XPathReader.java:185)
	at org.jaxen.saxpath.base.XPathReader.unionExpr(XPathReader.java:1007)
	at org.jaxen.saxpath.base.XPathReader.unaryExpr(XPathReader.java:995)
	at org.jaxen.saxpath.base.XPathReader.multiplicativeExpr(XPathReader.java:943)
	at org.jaxen.saxpath.base.XPathReader.additiveExpr(XPathReader.java:913)
	at org.jaxen.saxpath.base.XPathReader.relationalExpr(XPathReader.java:860)
	at org.jaxen.saxpath.base.XPathReader.equalityExpr(XPathReader.java:829)
	at org.jaxen.saxpath.base.XPathReader.andExpr(XPathReader.java:809)
	at org.jaxen.saxpath.base.XPathReader.orExpr(XPathReader.java:787)
	at org.jaxen.saxpath.base.XPathReader.expr(XPathReader.java:780)
	at org.jaxen.saxpath.base.XPathReader.parse(XPathReader.java:100)
	at org.jaxen.BaseXPath.<init>(BaseXPath.java:116)
	... 38 more

2024-09-27 11:01:01,629:INFO:test_google_app:Testing has started
2024-09-27 11:01:08,026:ERROR:test_google_app:Message: An element could not be located on the page using the given search parameters.
Stacktrace:
NoSuchElementError: An element could not be located on the page using the given search parameters.
    at AndroidUiautomator2Driver.findElOrEls (C:\Users\deepa\AppData\Local\Programs\Appium\resources\app\node_modules\appium\node_modules\appium-android-driver\lib\commands\find.js:75:11)
